# JRE version: OpenJDK Runtime Environment Temurin-21.0.2+13 (21.0.2+13) (build 21.0.2+13-LTS)
# Java VM: OpenJDK 64-Bit Server VM Temurin-21.0.2+13 (21.0.2+13-LTS, mixed mode, tiered, compressed oops, compressed class ptrs, g1 gc, windows-amd64)
GC Precious Log:
 CardTable entry size: 512
 Card Set container configuration: InlinePtr #cards 5 size 8 Array Of Cards #cards 12 size 40 Howl #buckets 4 coarsen threshold 1843 Howl Bitmap #cards 512 size 80 coarsen threshold 460 Card regions per heap region 1 cards per card region 2048
 CPUs: 8 total, 8 available
 Memory: 8029M
 Large Page Support: Disabled
 NUMA Support: Disabled
 Compressed Oops: Enabled (32-bit)
 Heap Region Size: 1M
 Heap Min Capacity: 8M
 Heap Initial Capacity: 126M
 Heap Max Capacity: 2008M
 Pre-touch: Disabled
 Parallel Workers: 8
 Concurrent Workers: 2
 Concurrent Refinement Workers: 8
 Periodic GC: Disabled
Heap:
 garbage-first heap   total 63488K, used 36343K [0x0000000082800000, 0x0000000100000000)
  region size 1024K, 5 young (5120K), 2 survivors (2048K)
 Metaspace       used 87114K, committed 87872K, reserved 1179648K
  class space    used 10821K, committed 11136K, reserved 1048576K
GC Heap History (20 events):
Event: 84.703 GC heap before
{Heap before GC invocations=23 (full 1):
 garbage-first heap   total 61440K, used 51005K [0x0000000082800000, 0x0000000100000000)
  region size 1024K, 24 young (24576K), 0 survivors (0K)
 Metaspace       used 81070K, committed 81856K, reserved 1179648K
  class space    used 10267K, committed 10624K, reserved 1048576K
}
Event: 84.706 GC heap after
{Heap after GC invocations=24 (full 1):
 garbage-first heap   total 61440K, used 29168K [0x0000000082800000, 0x0000000100000000)
  region size 1024K, 3 young (3072K), 3 survivors (3072K)
 Metaspace       used 81070K, committed 81856K, reserved 1179648K
  class space    used 10267K, committed 10624K, reserved 1048576K
}
Event: 85.039 GC heap before
{Heap before GC invocations=25 (full 1):
 garbage-first heap   total 61440K, used 50672K [0x0000000082800000, 0x0000000100000000)
  region size 1024K, 25 young (25600K), 3 survivors (3072K)
 Metaspace       used 81495K, committed 82240K, reserved 1179648K
  class space    used 10281K, committed 10624K, reserved 1048576K
}
Event: 85.042 GC heap after
{Heap after GC invocations=26 (full 1):
 garbage-first heap   total 61440K, used 30671K [0x0000000082800000, 0x0000000100000000)
  region size 1024K, 2 young (2048K), 2 survivors (2048K)
 Metaspace       used 81495K, committed 82240K, reserved 1179648K
  class space    used 10281K, committed 10624K, reserved 1048576K
}
Event: 85.143 GC heap before
{Heap before GC invocations=26 (full 1):
 garbage-first heap   total 61440K, used 52175K [0x0000000082800000, 0x0000000100000000)
  region size 1024K, 23 young (23552K), 2 survivors (2048K)
 Metaspace       used 81725K, committed 82432K, reserved 1179648K
  class space    used 10287K, committed 10624K, reserved 1048576K
}
Event: 85.146 GC heap after
{Heap after GC invocations=27 (full 1):
 garbage-first heap   total 61440K, used 31958K [0x0000000082800000, 0x0000000100000000)
  region size 1024K, 2 young (2048K), 2 survivors (2048K)
 Metaspace       used 81725K, committed 82432K, reserved 1179648K
  class space    used 10287K, committed 10624K, reserved 1048576K
}
Event: 180.495 GC heap before
{Heap before GC invocations=27 (full 1):
 garbage-first heap   total 61440K, used 52438K [0x0000000082800000, 0x0000000100000000)
  region size 1024K, 22 young (22528K), 2 survivors (2048K)
 Metaspace       used 82283K, committed 82944K, reserved 1179648K
  class space    used 10313K, committed 10624K, reserved 1048576K
}
Event: 180.498 GC heap after
{Heap after GC invocations=28 (full 1):
 garbage-first heap   total 61440K, used 34204K [0x0000000082800000, 0x0000000100000000)
  region size 1024K, 3 young (3072K), 3 survivors (3072K)
 Metaspace       used 82283K, committed 82944K, reserved 1179648K
  class space    used 10313K, committed 10624K, reserved 1048576K
}
Event: 318.957 GC heap before
{Heap before GC invocations=29 (full 1):
 garbage-first heap   total 63488K, used 52636K [0x0000000082800000, 0x0000000100000000)
  region size 1024K, 21 young (21504K), 3 survivors (3072K)
 Metaspace       used 83054K, committed 83840K, reserved 1179648K
  class space    used 10334K, committed 10688K, reserved 1048576K
}
Event: 318.959 GC heap after
{Heap after GC invocations=30 (full 1):
 garbage-first heap   total 63488K, used 34840K [0x0000000082800000, 0x0000000100000000)
  region size 1024K, 1 young (1024K), 1 survivors (1024K)
 Metaspace       used 83054K, committed 83840K, reserved 1179648K
  class space    used 10334K, committed 10688K, reserved 1048576K
}
Event: 548.751 GC heap before
{Heap before GC invocations=30 (full 1):
 garbage-first heap   total 63488K, used 54296K [0x0000000082800000, 0x0000000100000000)
  region size 1024K, 21 young (21504K), 1 survivors (1024K)
 Metaspace       used 85542K, committed 86272K, reserved 1179648K
  class space    used 10711K, committed 11008K, reserved 1048576K
}
Event: 548.755 GC heap after
{Heap after GC invocations=31 (full 1):
 garbage-first heap   total 63488K, used 34098K [0x0000000082800000, 0x0000000100000000)
  region size 1024K, 1 young (1024K), 1 survivors (1024K)
 Metaspace       used 85542K, committed 86272K, reserved 1179648K
  class space    used 10711K, committed 11008K, reserved 1048576K
}
Event: 923.173 GC heap before
{Heap before GC invocations=31 (full 1):
 garbage-first heap   total 63488K, used 55602K [0x0000000082800000, 0x0000000100000000)
  region size 1024K, 23 young (23552K), 1 survivors (1024K)
 Metaspace       used 85775K, committed 86528K, reserved 1179648K
  class space    used 10721K, committed 11072K, reserved 1048576K
}
Event: 923.175 GC heap after
{Heap after GC invocations=32 (full 1):
 garbage-first heap   total 63488K, used 34193K [0x0000000082800000, 0x0000000100000000)
  region size 1024K, 1 young (1024K), 1 survivors (1024K)
 Metaspace       used 85775K, committed 86528K, reserved 1179648K
  class space    used 10721K, committed 11072K, reserved 1048576K
}
Event: 1328.928 GC heap before
{Heap before GC invocations=32 (full 1):
 garbage-first heap   total 63488K, used 56721K [0x0000000082800000, 0x0000000100000000)
  region size 1024K, 24 young (24576K), 1 survivors (1024K)
 Metaspace       used 86102K, committed 86912K, reserved 1179648K
  class space    used 10723K, committed 11072K, reserved 1048576K
}
Event: 1328.931 GC heap after
{Heap after GC invocations=33 (full 1):
 garbage-first heap   total 63488K, used 34107K [0x0000000082800000, 0x0000000100000000)
  region size 1024K, 1 young (1024K), 1 survivors (1024K)
 Metaspace       used 86102K, committed 86912K, reserved 1179648K
  class space    used 10723K, committed 11072K, reserved 1048576K
}
Event: 1670.184 GC heap before
{Heap before GC invocations=34 (full 1):
 garbage-first heap   total 63488K, used 56635K [0x0000000082800000, 0x0000000100000000)
  region size 1024K, 24 young (24576K), 1 survivors (1024K)
 Metaspace       used 86988K, committed 87680K, reserved 1179648K
  class space    used 10820K, committed 11136K, reserved 1048576K
}
Event: 1670.187 GC heap after
{Heap after GC invocations=35 (full 1):
 garbage-first heap   total 63488K, used 34340K [0x0000000082800000, 0x0000000100000000)
  region size 1024K, 2 young (2048K), 2 survivors (2048K)
 Metaspace       used 86988K, committed 87680K, reserved 1179648K
  class space    used 10820K, committed 11136K, reserved 1048576K
}
Event: 2021.050 GC heap before
{Heap before GC invocations=35 (full 1):
 garbage-first heap   total 63488K, used 54820K [0x0000000082800000, 0x0000000100000000)
  region size 1024K, 23 young (23552K), 2 survivors (2048K)
 Metaspace       used 87105K, committed 87872K, reserved 1179648K
  class space    used 10821K, committed 11136K, reserved 1048576K
}
Event: 2021.055 GC heap after
{Heap after GC invocations=36 (full 1):
 garbage-first heap   total 63488K, used 34295K [0x0000000082800000, 0x0000000100000000)
  region size 1024K, 2 young (2048K), 2 survivors (2048K)
 Metaspace       used 87105K, committed 87872K, reserved 1179648K
  class space    used 10821K, committed 11136K, reserved 1048576K
}

